{"total": {"lines":{"total":129,"covered":113,"skipped":0,"pct":87.59},"statements":{"total":131,"covered":115,"skipped":0,"pct":87.78},"functions":{"total":27,"covered":27,"skipped":0,"pct":100},"branches":{"total":40,"covered":28,"skipped":0,"pct":70},"branchesTrue":{"total":0,"covered":0,"skipped":0,"pct":100}}
,"/Users/adm/workspace/node-customers-api-tests/src/config/connect.js": {"lines":{"total":2,"covered":2,"skipped":0,"pct":100},"functions":{"total":0,"covered":0,"skipped":0,"pct":100},"statements":{"total":2,"covered":2,"skipped":0,"pct":100},"branches":{"total":0,"covered":0,"skipped":0,"pct":100}}
,"/Users/adm/workspace/node-customers-api-tests/src/controllers/client.js": {"lines":{"total":90,"covered":74,"skipped":0,"pct":82.22},"functions":{"total":18,"covered":18,"skipped":0,"pct":100},"statements":{"total":90,"covered":74,"skipped":0,"pct":82.22},"branches":{"total":25,"covered":13,"skipped":0,"pct":52}}
,"/Users/adm/workspace/node-customers-api-tests/src/services/db.js": {"lines":{"total":22,"covered":22,"skipped":0,"pct":100},"functions":{"total":5,"covered":5,"skipped":0,"pct":100},"statements":{"total":24,"covered":24,"skipped":0,"pct":100},"branches":{"total":8,"covered":8,"skipped":0,"pct":100}}
,"/Users/adm/workspace/node-customers-api-tests/src/utils/queries.js": {"lines":{"total":15,"covered":15,"skipped":0,"pct":100},"functions":{"total":4,"covered":4,"skipped":0,"pct":100},"statements":{"total":15,"covered":15,"skipped":0,"pct":100},"branches":{"total":7,"covered":7,"skipped":0,"pct":100}}
}
