TN:
SF:src/config/connect.js
FNF:0
FNH:0
DA:2,1
DA:5,1
LF:2
LH:2
BRF:0
BRH:0
end_of_record
TN:
SF:src/controllers/client.js
FN:9,(anonymous_0)
FN:14,(anonymous_1)
FN:15,(anonymous_2)
FN:30,(anonymous_3)
FN:36,(anonymous_4)
FN:40,(anonymous_5)
FN:54,(anonymous_6)
FN:59,(anonymous_7)
FN:63,(anonymous_8)
FN:77,(anonymous_9)
FN:85,(anonymous_10)
FN:86,(anonymous_11)
FN:101,(anonymous_12)
FN:105,(anonymous_13)
FN:106,(anonymous_14)
FN:121,(anonymous_15)
FN:126,(anonymous_16)
FN:129,(anonymous_17)
FNF:18
FNH:18
FNDA:1,(anonymous_0)
FNDA:1,(anonymous_1)
FNDA:1,(anonymous_2)
FNDA:1,(anonymous_3)
FNDA:1,(anonymous_4)
FNDA:1,(anonymous_5)
FNDA:1,(anonymous_6)
FNDA:1,(anonymous_7)
FNDA:1,(anonymous_8)
FNDA:1,(anonymous_9)
FNDA:1,(anonymous_10)
FNDA:1,(anonymous_11)
FNDA:1,(anonymous_12)
FNDA:1,(anonymous_13)
FNDA:1,(anonymous_14)
FNDA:1,(anonymous_15)
FNDA:1,(anonymous_16)
FNDA:1,(anonymous_17)
DA:1,1
DA:2,1
DA:3,1
DA:4,1
DA:5,1
DA:6,1
DA:7,1
DA:9,1
DA:10,1
DA:11,1
DA:12,1
DA:14,1
DA:15,1
DA:16,1
DA:17,0
DA:18,0
DA:20,1
DA:21,1
DA:22,1
DA:27,1
DA:30,1
DA:31,1
DA:32,1
DA:33,1
DA:34,1
DA:36,1
DA:37,1
DA:41,1
DA:42,0
DA:43,0
DA:45,1
DA:46,1
DA:47,1
DA:51,1
DA:54,1
DA:55,1
DA:56,1
DA:57,1
DA:59,1
DA:60,1
DA:64,1
DA:65,0
DA:66,0
DA:68,1
DA:69,1
DA:70,1
DA:74,1
DA:77,1
DA:78,1
DA:79,1
DA:80,1
DA:81,1
DA:82,1
DA:83,1
DA:85,1
DA:86,1
DA:87,1
DA:88,0
DA:89,0
DA:90,1
DA:91,0
DA:92,0
DA:94,1
DA:98,1
DA:101,1
DA:102,1
DA:103,1
DA:105,1
DA:106,1
DA:107,1
DA:108,0
DA:109,0
DA:110,1
DA:111,0
DA:112,0
DA:114,1
DA:118,1
DA:121,1
DA:122,1
DA:123,1
DA:124,1
DA:126,1
DA:127,1
DA:130,1
DA:131,0
DA:132,0
DA:134,1
DA:135,1
DA:136,1
DA:140,1
LF:90
LH:74
BRDA:11,0,0,1
BRDA:11,0,1,1
BRDA:11,0,2,0
BRDA:16,1,0,0
BRDA:16,1,1,1
BRDA:33,2,0,1
BRDA:33,2,1,0
BRDA:41,3,0,0
BRDA:41,3,1,1
BRDA:64,4,0,0
BRDA:64,4,1,1
BRDA:80,5,0,1
BRDA:80,5,1,0
BRDA:83,6,0,1
BRDA:83,6,1,0
BRDA:87,7,0,0
BRDA:87,7,1,1
BRDA:90,8,0,0
BRDA:90,8,1,1
BRDA:107,9,0,0
BRDA:107,9,1,1
BRDA:110,10,0,0
BRDA:110,10,1,1
BRDA:130,11,0,0
BRDA:130,11,1,1
BRF:25
BRH:13
end_of_record
TN:
SF:src/services/db.js
FN:10,(anonymous_0)
FN:14,(anonymous_1)
FN:27,(anonymous_2)
FN:29,(anonymous_3)
FN:31,(anonymous_4)
FNF:5
FNH:5
FNDA:3,(anonymous_0)
FNDA:2,(anonymous_1)
FNDA:1,(anonymous_2)
FNDA:3,(anonymous_3)
FNDA:2,(anonymous_4)
DA:1,1
DA:3,1
DA:4,1
DA:6,1
DA:10,1
DA:11,3
DA:14,2
DA:15,2
DA:16,1
DA:17,1
DA:19,1
DA:20,1
DA:21,1
DA:24,2
DA:27,1
DA:29,1
DA:30,3
DA:31,2
DA:32,2
DA:33,1
DA:35,1
DA:36,1
LF:22
LH:22
BRDA:11,0,0,1
BRDA:11,0,1,2
BRDA:15,1,0,1
BRDA:15,1,1,1
BRDA:30,2,0,2
BRDA:30,2,1,1
BRDA:32,3,0,1
BRDA:32,3,1,1
BRF:8
BRH:8
end_of_record
TN:
SF:src/utils/queries.js
FN:3,(anonymous_0)
FN:14,(anonymous_1)
FN:16,(anonymous_2)
FN:23,(anonymous_3)
FNF:4
FNH:4
FNDA:5,(anonymous_0)
FNDA:2,(anonymous_1)
FNDA:2,(anonymous_2)
FNDA:4,(anonymous_3)
DA:1,1
DA:3,1
DA:4,5
DA:6,2
DA:8,1
DA:10,2
DA:14,1
DA:15,2
DA:16,2
DA:17,2
DA:18,2
DA:20,2
DA:23,1
DA:24,4
DA:25,4
LF:15
LH:15
BRDA:4,0,0,2
BRDA:4,0,1,1
BRDA:4,0,2,2
BRDA:25,1,0,2
BRDA:25,1,1,2
BRDA:25,2,0,4
BRDA:25,2,1,3
BRF:7
BRH:7
end_of_record
